Arguments: 
  C:\Program Files\nodejs\node.exe C:\Users\guowei\AppData\Roaming\npm\node_modules\yarn\bin\yarn.js add react-native --exact

PATH: 
  C:\ProgramData\Oracle\Java\javapath;C:\Ruby23-x64\bin;C:\Program Files (x86)\NVIDIA Corporation\PhysX\Common;C:\Windows\system32;C:\Windows;C:\Windows\System32\Wbem;C:\Windows\System32\WindowsPowerShell\v1.0\;C:\Program Files\nodejs\;C:\Program Files\Git\cmd;C:\wamp\bin\php\php5.5.12;C:\ProgramData\ComposerSetup\bin;C:\Program Files (x86)\Windows Kits\8.1\Windows Performance Toolkit\;C:\Program Files\Microsoft SQL Server\110\Tools\Binn\;C:\Program Files (x86)\Microsoft SDKs\TypeScript\1.0\;C:\Program Files\TortoiseSVN\bin;C:\Program Files (x86)\VisualSVN\bin; C:\Program Files\Java\jdk1.8.0_121\bin;C:\Program Files\Java\jdk1.8.0_121\jre\bin;C:\Users\guowei\AppData\Roaming\npm;C:\Users\guowei\AppData\Roaming\Composer\vendor\bin;C:\Program Files (x86)\SSH Communications Security\SSH Secure Shell

Yarn version: 
  0.20.3

Node version: 
  5.6.0

Platform: 
  win32 x64

npm manifest: 
  {"name":"lianlian","version":"0.0.1","private":true,"scripts":{"start":"node node_modules/react-native/local-cli/cli.js start"}}

yarn manifest: 
  No manifest

Lockfile: 
  No lockfile

Trace: 
  Error: getaddrinfo EAI_AGAIN registry.yarnpkg.com:443
      at Object.exports._errnoException (util.js:856:11)
      at errnoException (dns.js:31:15)
      at GetAddrInfoReqWrap.onlookup [as oncomplete] (dns.js:77:26)
